2024-03-03 大白菜 冀鲁鄂 0.5 0.8 0.65 元/斤
2024-03-03 娃娃菜 豫鄂 1.5 1.9 1.7 元/斤
2024-03-03 小白菜 冀 1.1 1.3 1.2 元/斤
2024-03-03 圆白菜 鄂冀川 0.55 0.8 0.68 元/斤
2024-03-03 圆白菜 鲁冀 2.0 2.2 2.1 元/斤
2024-03-03 紫甘蓝 冀鲁宁 1.3 1.4 1.35 元/斤
2024-03-03 芹菜 鲁 2.0 2.5 2.25 元/斤
2024-03-03 西芹 鲁辽 2.6 2.8 2.7 元/斤
2024-03-03 菠菜 冀鲁 1.4 1.8 1.6 元/斤
2024-03-03 莴笋 浙闽 1.0 2.2 1.6 元/斤
2024-03-03 团生菜 云 2.0 2.5 2.25 元/斤
2024-03-03 罗马生菜 云 2.5 2.7 2.6 元/斤
2024-03-03 散叶生菜 冀辽 2.0 2.5 2.25 元/斤
2024-03-03 油菜 鲁皖川 0.9 1.3 1.1 元/斤
2024-03-03 香菜 冀鲁 1.5 2.0 1.75 元/斤
2024-03-03 茴香 冀 2.0 2.5 2.25 元/斤
2024-03-03 韭菜 粤冀 1.5 2.3 1.9 元/斤
2024-03-03 苦菊 辽 2.9 3.5 3.2 元/斤
2024-03-03 油麦菜 冀鲁云 2.5 3.0 2.75 元/斤
2024-03-03 散菜花 云闽 1.8 2.8 2.3 元/斤
2024-03-03 绿菜花 鄂浙 2.0 2.3 2.15 元/斤
2024-03-03 绿豆芽  0.95 1.0 0.98 元/斤
2024-03-03 黄豆芽  0.85 0.9 0.88 元/斤
2024-03-03 番茄 冀云川 1.2 1.8 1.5 元/斤
2024-03-03 番茄 冀鲁川 2.0 2.5 2.25 元/斤
2024-03-03 番茄 蒙鲁 2.0 3.6 2.8 元/斤
2024-03-03 黄瓜 鲁辽云 1.5 2.7 2.1 元/斤
2024-03-03 黄瓜 鲁 2.8 4.2 3.5 元/斤
2024-03-03 小黄瓜 辽冀 4.5 4.5 4.5 元/斤
2024-03-03 小黄瓜 辽鲁 5.3 5.3 5.3 元/斤
2024-03-03 茄子 鲁云 2.0 3.0 2.5 元/斤
2024-03-03 长茄 辽 2.0 4.0 3.0 元/斤
2024-03-03 线茄 闽 2.5 3.5 3.0 元/斤
2024-03-03 广茄 闽云 2.6 3.6 3.1 元/斤
2024-03-03 冬瓜 桂 1.4 1.6 1.5 元/斤
2024-03-03 冬瓜 新 0.95 1.0 0.98 元/斤
2024-03-03 毛冬瓜 云 2.5 2.6 2.55 元/斤
2024-03-03 架豆 云 3.0 4.5 3.75 元/斤
2024-03-03 豆王 云鲁 3.5 6.5 5.0 元/斤
2024-03-03 扁豆 云鲁 4.5 7.2 5.85 元/斤
2024-03-03 豇豆 云海 3.5 5.8 4.65 元/斤
2024-03-03 白不老 云 4.0 6.0 5.0 元/斤
2024-03-03 油豆 云粤 4.0 8.0 6.0 元/斤
2024-03-03 毛豆 粤闽 3.0 3.3 3.15 元/斤
2024-03-03 花生 苏 5.5 6.0 5.75 元/斤
2024-03-03 玉米 海粤 2.0 2.1 2.05 元/斤
2024-03-03 玉米 海粤 2.3 2.5 2.4 元/斤
2024-03-03 苦瓜 鲁 4.0 4.5 4.25 元/斤
2024-03-03 丝瓜 鲁 4.0 5.0 4.5 元/斤
2024-03-03 西葫芦 鲁云 2.0 2.6 2.3 元/斤
2024-03-03 贝贝南瓜 蒙 2.0 2.2 2.1 元/斤
2024-03-03 金丝南瓜 蒙 2.0 2.3 2.15 元/斤
2024-03-03 板栗南瓜 蒙新 1.5 2.3 1.9 元/斤
2024-03-03 南北瓜 鄂川云 1.0 1.4 1.2 元/斤
2024-03-03 尖椒 冀辽鲁 2.2 4.3 3.25 元/斤
2024-03-03 红尖椒 鲁皖 4.0 4.5 4.25 元/斤
2024-03-03 美人椒 鲁云 6.0 7.0 6.5 元/斤
2024-03-03 螺丝椒 鲁辽 3.0 5.0 4.0 元/斤
2024-03-03 柿子椒 鲁辽 3.6 4.8 4.2 元/斤
2024-03-03 线椒 鲁 3.0 4.5 3.75 元/斤
2024-03-03 杭椒 鲁冀 3.5 5.0 4.25 元/斤
2024-03-03 小米椒 云 6.0 8.0 7.0 元/斤
2024-03-03 彩椒 鲁 8.0 11.0 9.5 元/斤
2024-03-03 白萝卜 鄂川 0.5 0.8 0.65 元/斤
2024-03-03 心里美 冀 0.8 1.0 0.9 元/斤
2024-03-03 卞萝卜 冀 0.4 0.6 0.5 元/斤
2024-03-03 青萝卜 冀豫津 0.6 1.4 1.0 元/斤
2024-03-03 胡萝卜 鲁豫 0.7 1.0 0.85 元/斤
2024-03-03 胡萝卜 鲁豫 0.7 1.0 0.85 元/斤
2024-03-03 土豆 冀蒙陕 0.8 1.35 1.08 元/斤
2024-03-03 土豆 云桂 1.6 2.0 1.8 元/斤
2024-03-03 葱头 甘蒙 1.4 1.5 1.45 元/斤
2024-03-03 葱头 甘蒙 1.7 1.8 1.75 元/斤
2024-03-03 山药 豫鲁 3.5 4.0 3.75 元/斤
2024-03-03 山药 冀 4.5 5.5 5.0 元/斤
2024-03-03 山药 豫冀 5.0 8.0 6.5 元/斤
2024-03-03 莲藕 苏津 4.0 4.5 4.25 元/斤
2024-03-03 红薯 冀 0.8 1.2 1.0 元/斤
2024-03-03 红薯 粤 1.2 1.8 1.5 元/斤
2024-03-03 紫薯 冀 1.5 3.0 2.25 元/斤
2024-03-03 荸荠 皖 2.8 3.3 3.05 元/斤
2024-03-03 芋头 鲁 3.0 3.6 3.3 元/斤
2024-03-03 姜 鲁 2.5 3.0 2.75 元/斤
2024-03-03 姜 鲁 5.0 6.0 5.5 元/斤
2024-03-03 大蒜 豫苏鲁 4.5 7.5 6.0 元/斤
2024-03-03 蒜米 鲁 3.8 5.4 4.6 元/斤
2024-03-03 大葱 沪闽 1.5 1.6 1.55 元/斤
2024-03-03 小葱 冀鲁 2.5 4.5 3.5 元/斤
2024-03-03 蒜苗 鲁 3.0 8.0 5.5 元/斤
2024-03-03 蒜黄 冀 6.0 6.5 6.25 元/斤
2024-03-03 青蒜 川鲁 3.5 4.0 3.75 元/斤
2024-03-03 平菇 京 2.0 3.5 2.75 元/斤
2024-03-03 香菇 冀 3.5 7.0 5.25 元/斤
2024-03-03 白玉菇 冀豫京 3.0 4.0 3.5 元/斤
2024-03-03 口蘑 冀闽 7.5 8.0 7.75 元/斤
2024-03-03 杏鲍菇 苏豫津 2.5 4.0 3.25 元/斤
2024-03-03 金针菇 辽鲁京 2.0 2.6 2.3 元/斤
2024-03-03 椰青  7.5 8.0 7.75 元/个
2024-03-03 菠萝  1.6 2.2 1.9 元/斤
2024-03-03 圣女果  4.0 5.5 4.75 元/斤
2024-03-03 百香果  6.0 7.5 6.75 元/斤
2024-03-03 黑枣  7.0 10.0 8.5 元/斤
2024-03-03 九九草莓  11.0 17.0 14.0 元/斤
2024-03-03 红颜草莓  8.0 12.0 10.0 元/斤
2024-03-03 蓝莓  65.0 90.0 77.5 元/斤
2024-03-03 火龙果  4.0 7.0 5.5 元/斤
2024-03-03 火龙果  3.4 5.0 4.2 元/斤
2024-03-03 木瓜  6.0 7.0 6.5 元/斤
2024-03-03 柿饼  5.0 9.0 7.0 元/斤
2024-03-03 桑葚  7.0 8.0 7.5 元/斤
2024-03-03 甘蔗  1.6 2.2 1.9 元/斤
2024-03-03 柠檬  4.0 5.0 4.5 元/斤
2024-03-03 石榴  4.5 7.0 5.75 元/斤
2024-03-03 山楂  5.0 7.0 6.0 元/斤
2024-03-03 山楂  4.0 6.0 5.0 元/斤
2024-03-03 姑娘果（灯笼果）  12.0 18.0 15.0 元/斤
2024-03-03 鸭梨  1.8 2.0 1.9 元/斤
2024-03-03 雪花梨  1.9 2.1 2.0 元/斤
2024-03-03 皇冠梨  2.4 2.6 2.5 元/斤
2024-03-03 南果梨  3.5 7.5 5.5 元/斤
